{"D:\\Assignment-28-06-2026\\product-management\\backend\\src\\common\\decorators\\current-user.decorator.ts": {"path":"D:\\Assignment-28-06-2026\\product-management\\backend\\src\\common\\decorators\\current-user.decorator.ts","statementMap":{"0":{"start":{"line":1,"column":0},"end":{"line":1,"column":72}},"1":{"start":{"line":3,"column":13},"end":{"line":9,"column":2}},"2":{"start":{"line":5,"column":20},"end":{"line":5,"column":51}},"3":{"start":{"line":6,"column":17},"end":{"line":6,"column":29}},"4":{"start":{"line":7,"column":4},"end":{"line":7,"column":38}}},"fnMap":{"0":{"name":"(anonymous_0)","decl":{"start":{"line":4,"column":2},"end":{"line":4,"column":3}},"loc":{"start":{"line":4,"column":54},"end":{"line":8,"column":3}}}},"branchMap":{"0":{"loc":{"start":{"line":7,"column":11},"end":{"line":7,"column":37}},"type":"cond-expr","locations":[{"start":{"line":7,"column":18},"end":{"line":7,"column":30}},{"start":{"line":7,"column":33},"end":{"line":7,"column":37}}]}},"s":{"0":0,"1":0,"2":0,"3":0,"4":0},"f":{"0":0},"b":{"0":[0,0]}}
,"D:\\Assignment-28-06-2026\\product-management\\backend\\src\\common\\decorators\\public.decorator.ts": {"path":"D:\\Assignment-28-06-2026\\product-management\\backend\\src\\common\\decorators\\public.decorator.ts","statementMap":{"0":{"start":{"line":1,"column":0},"end":{"line":1,"column":45}},"1":{"start":{"line":3,"column":13},"end":{"line":3,"column":40}},"2":{"start":{"line":4,"column":22},"end":{"line":4,"column":60}},"3":{"start":{"line":4,"column":28},"end":{"line":4,"column":60}},"4":{"start":{"line":4,"column":13},"end":{"line":4,"column":22}}},"fnMap":{"0":{"name":"(anonymous_0)","decl":{"start":{"line":4,"column":22},"end":{"line":4,"column":25}},"loc":{"start":{"line":4,"column":28},"end":{"line":4,"column":60}}}},"branchMap":{},"s":{"0":0,"1":0,"2":0,"3":0,"4":0},"f":{"0":0},"b":{}}
,"D:\\Assignment-28-06-2026\\product-management\\backend\\src\\common\\dto\\pagination.dto.ts": {"path":"D:\\Assignment-28-06-2026\\product-management\\backend\\src\\common\\dto\\pagination.dto.ts","statementMap":{"0":{"start":{"line":1,"column":0},"end":{"line":1,"column":41}},"1":{"start":{"line":2,"column":0},"end":{"line":2,"column":62}},"2":{"start":{"line":9,"column":2},"end":{"line":9,"column":19}},"3":{"start":{"line":16,"column":2},"end":{"line":16,"column":21}},"4":{"start":{"line":4,"column":0},"end":{"line":4,"column":13}},"5":{"start":{"line":9,"column":2},"end":{"line":9,"column":null}},"6":{"start":{"line":6,"column":14},"end":{"line":6,"column":20}},"7":{"start":{"line":16,"column":2},"end":{"line":16,"column":null}},"8":{"start":{"line":12,"column":14},"end":{"line":12,"column":20}}},"fnMap":{"0":{"name":"(anonymous_2)","decl":{"start":{"line":4,"column":0},"end":{"line":4,"column":13}},"loc":{"start":{"line":4,"column":0},"end":{"line":17,"column":1}}},"1":{"name":"(anonymous_3)","decl":{"start":{"line":6,"column":8},"end":{"line":6,"column":11}},"loc":{"start":{"line":6,"column":14},"end":{"line":6,"column":20}}},"2":{"name":"(anonymous_4)","decl":{"start":{"line":12,"column":8},"end":{"line":12,"column":11}},"loc":{"start":{"line":12,"column":14},"end":{"line":12,"column":20}}}},"branchMap":{},"s":{"0":0,"1":0,"2":0,"3":0,"4":0,"5":0,"6":0,"7":0,"8":0},"f":{"0":0,"1":0,"2":0},"b":{}}
,"D:\\Assignment-28-06-2026\\product-management\\backend\\src\\common\\filters\\http-exception.filter.ts": {"path":"D:\\Assignment-28-06-2026\\product-management\\backend\\src\\common\\filters\\http-exception.filter.ts","statementMap":{"0":{"start":{"line":1,"column":0},"end":{"line":1,"column":98}},"1":{"start":{"line":5,"column":7},"end":{"line":33,"column":null}},"2":{"start":{"line":7,"column":16},"end":{"line":7,"column":35}},"3":{"start":{"line":8,"column":21},"end":{"line":8,"column":48}},"4":{"start":{"line":9,"column":20},"end":{"line":9,"column":45}},"5":{"start":{"line":12,"column":6},"end":{"line":14,"column":42}},"6":{"start":{"line":17,"column":6},"end":{"line":17,"column":73}},"7":{"start":{"line":20,"column":6},"end":{"line":24,"column":35}},"8":{"start":{"line":26,"column":4},"end":{"line":31,"column":7}},"9":{"start":{"line":5,"column":13},"end":{"line":5,"column":32}},"10":{"start":{"line":5,"column":13},"end":{"line":33,"column":null}}},"fnMap":{"0":{"name":"(anonymous_1)","decl":{"start":{"line":6,"column":2},"end":{"line":6,"column":7}},"loc":{"start":{"line":6,"column":47},"end":{"line":32,"column":3}}}},"branchMap":{"0":{"loc":{"start":{"line":12,"column":6},"end":{"line":14,"column":42}},"type":"cond-expr","locations":[{"start":{"line":13,"column":10},"end":{"line":13,"column":31}},{"start":{"line":14,"column":10},"end":{"line":14,"column":42}}]},"1":{"loc":{"start":{"line":17,"column":6},"end":{"line":17,"column":73}},"type":"cond-expr","locations":[{"start":{"line":17,"column":43},"end":{"line":17,"column":66}},{"start":{"line":17,"column":69},"end":{"line":17,"column":73}}]},"2":{"loc":{"start":{"line":20,"column":6},"end":{"line":24,"column":35}},"type":"cond-expr","locations":[{"start":{"line":21,"column":11},"end":{"line":21,"column":80}},{"start":{"line":22,"column":10},"end":{"line":24,"column":35}}]},"3":{"loc":{"start":{"line":20,"column":6},"end":{"line":20,"column":73}},"type":"binary-expr","locations":[{"start":{"line":20,"column":6},"end":{"line":20,"column":43}},{"start":{"line":20,"column":47},"end":{"line":20,"column":73}}]},"4":{"loc":{"start":{"line":21,"column":11},"end":{"line":21,"column":80}},"type":"binary-expr","locations":[{"start":{"line":21,"column":11},"end":{"line":21,"column":44}},{"start":{"line":21,"column":49},"end":{"line":21,"column":80}}]},"5":{"loc":{"start":{"line":22,"column":10},"end":{"line":24,"column":35}},"type":"cond-expr","locations":[{"start":{"line":23,"column":12},"end":{"line":23,"column":29}},{"start":{"line":24,"column":12},"end":{"line":24,"column":35}}]}},"s":{"0":0,"1":0,"2":0,"3":0,"4":0,"5":0,"6":0,"7":0,"8":0,"9":0,"10":0},"f":{"0":0},"b":{"0":[0,0],"1":[0,0],"2":[0,0],"3":[0,0],"4":[0,0],"5":[0,0]}}
,"D:\\Assignment-28-06-2026\\product-management\\backend\\src\\common\\guards\\jwt-auth.guard.ts": {"path":"D:\\Assignment-28-06-2026\\product-management\\backend\\src\\common\\guards\\jwt-auth.guard.ts","statementMap":{"0":{"start":{"line":1,"column":0},"end":{"line":1,"column":62}},"1":{"start":{"line":2,"column":0},"end":{"line":2,"column":41}},"2":{"start":{"line":3,"column":0},"end":{"line":3,"column":45}},"3":{"start":{"line":4,"column":0},"end":{"line":4,"column":63}},"4":{"start":{"line":7,"column":7},"end":{"line":20,"column":null}},"5":{"start":{"line":9,"column":4},"end":{"line":9,"column":12}},"6":{"start":{"line":8,"column":22},"end":{"line":8,"column":33}},"7":{"start":{"line":13,"column":21},"end":{"line":16,"column":6}},"8":{"start":{"line":17,"column":4},"end":{"line":17,"column":30}},"9":{"start":{"line":17,"column":18},"end":{"line":17,"column":30}},"10":{"start":{"line":18,"column":4},"end":{"line":18,"column":38}},"11":{"start":{"line":7,"column":13},"end":{"line":7,"column":25}},"12":{"start":{"line":7,"column":13},"end":{"line":20,"column":null}}},"fnMap":{"0":{"name":"(anonymous_2)","decl":{"start":{"line":8,"column":2},"end":{"line":8,"column":22}},"loc":{"start":{"line":8,"column":42},"end":{"line":10,"column":3}}},"1":{"name":"(anonymous_3)","decl":{"start":{"line":12,"column":2},"end":{"line":12,"column":13}},"loc":{"start":{"line":12,"column":39},"end":{"line":19,"column":3}}}},"branchMap":{"0":{"loc":{"start":{"line":17,"column":4},"end":{"line":17,"column":30}},"type":"if","locations":[{"start":{"line":17,"column":4},"end":{"line":17,"column":30}}]}},"s":{"0":0,"1":0,"2":0,"3":0,"4":0,"5":0,"6":0,"7":0,"8":0,"9":0,"10":0,"11":0,"12":0},"f":{"0":0,"1":0},"b":{"0":[0]}}
,"D:\\Assignment-28-06-2026\\product-management\\backend\\src\\common\\interceptors\\transform.interceptor.ts": {"path":"D:\\Assignment-28-06-2026\\product-management\\backend\\src\\common\\interceptors\\transform.interceptor.ts","statementMap":{"0":{"start":{"line":1,"column":0},"end":{"line":1,"column":92}},"1":{"start":{"line":3,"column":0},"end":{"line":3,"column":37}},"2":{"start":{"line":6,"column":7},"end":{"line":17,"column":null}},"3":{"start":{"line":8,"column":21},"end":{"line":8,"column":57}},"4":{"start":{"line":9,"column":4},"end":{"line":15,"column":6}},"5":{"start":{"line":10,"column":21},"end":{"line":14,"column":8}},"6":{"start":{"line":6,"column":13},"end":{"line":6,"column":33}},"7":{"start":{"line":6,"column":13},"end":{"line":17,"column":null}}},"fnMap":{"0":{"name":"(anonymous_1)","decl":{"start":{"line":7,"column":2},"end":{"line":7,"column":11}},"loc":{"start":{"line":7,"column":56},"end":{"line":16,"column":3}}},"1":{"name":"(anonymous_2)","decl":{"start":{"line":10,"column":10},"end":{"line":10,"column":11}},"loc":{"start":{"line":10,"column":21},"end":{"line":14,"column":8}}}},"branchMap":{},"s":{"0":0,"1":0,"2":0,"3":0,"4":0,"5":0,"6":0,"7":0},"f":{"0":0,"1":0},"b":{}}
,"D:\\Assignment-28-06-2026\\product-management\\backend\\src\\config\\configuration.ts": {"path":"D:\\Assignment-28-06-2026\\product-management\\backend\\src\\config\\configuration.ts","statementMap":{"0":{"start":{"line":1,"column":0},"end":{"line":12,"column":3}},"1":{"start":{"line":1,"column":22},"end":{"line":12,"column":2}}},"fnMap":{"0":{"name":"(anonymous_0)","decl":{"start":{"line":1,"column":15},"end":{"line":1,"column":18}},"loc":{"start":{"line":1,"column":22},"end":{"line":12,"column":2}}}},"branchMap":{"0":{"loc":{"start":{"line":2,"column":8},"end":{"line":2,"column":46}},"type":"binary-expr","locations":[{"start":{"line":2,"column":8},"end":{"line":2,"column":38}},{"start":{"line":2,"column":42},"end":{"line":2,"column":46}}]},"1":{"loc":{"start":{"line":5,"column":12},"end":{"line":5,"column":59}},"type":"binary-expr","locations":[{"start":{"line":5,"column":12},"end":{"line":5,"column":34}},{"start":{"line":5,"column":38},"end":{"line":5,"column":59}}]},"2":{"loc":{"start":{"line":6,"column":15},"end":{"line":6,"column":49}},"type":"binary-expr","locations":[{"start":{"line":6,"column":15},"end":{"line":6,"column":41}},{"start":{"line":6,"column":45},"end":{"line":6,"column":49}}]},"3":{"loc":{"start":{"line":9,"column":10},"end":{"line":9,"column":47}},"type":"binary-expr","locations":[{"start":{"line":9,"column":10},"end":{"line":9,"column":32}},{"start":{"line":9,"column":36},"end":{"line":9,"column":47}}]},"4":{"loc":{"start":{"line":10,"column":10},"end":{"line":10,"column":54}},"type":"binary-expr","locations":[{"start":{"line":10,"column":10},"end":{"line":10,"column":46}},{"start":{"line":10,"column":50},"end":{"line":10,"column":54}}]}},"s":{"0":0,"1":0},"f":{"0":0},"b":{"0":[0,0],"1":[0,0],"2":[0,0],"3":[0,0],"4":[0,0]}}
,"D:\\Assignment-28-06-2026\\product-management\\backend\\src\\modules\\auth\\auth.controller.ts": {"path":"D:\\Assignment-28-06-2026\\product-management\\backend\\src\\modules\\auth\\auth.controller.ts","statementMap":{"0":{"start":{"line":1,"column":0},"end":{"line":1,"column":56}},"1":{"start":{"line":2,"column":0},"end":{"line":2,"column":66}},"2":{"start":{"line":3,"column":0},"end":{"line":3,"column":45}},"3":{"start":{"line":4,"column":0},"end":{"line":4,"column":43}},"4":{"start":{"line":7,"column":7},"end":{"line":15,"column":null}},"5":{"start":{"line":8,"column":22},"end":{"line":8,"column":35}},"6":{"start":{"line":13,"column":4},"end":{"line":13,"column":39}},"7":{"start":{"line":7,"column":13},"end":{"line":7,"column":27}},"8":{"start":{"line":12,"column":2},"end":{"line":14,"column":null}},"9":{"start":{"line":7,"column":13},"end":{"line":15,"column":null}}},"fnMap":{"0":{"name":"(anonymous_4)","decl":{"start":{"line":8,"column":2},"end":{"line":8,"column":22}},"loc":{"start":{"line":8,"column":46},"end":{"line":8,"column":50}}},"1":{"name":"(anonymous_5)","decl":{"start":{"line":12,"column":2},"end":{"line":12,"column":7}},"loc":{"start":{"line":12,"column":29},"end":{"line":14,"column":3}}}},"branchMap":{},"s":{"0":0,"1":0,"2":0,"3":0,"4":0,"5":0,"6":0,"7":0,"8":0,"9":0},"f":{"0":0,"1":0},"b":{}}
,"D:\\Assignment-28-06-2026\\product-management\\backend\\src\\modules\\auth\\auth.service.ts": {"path":"D:\\Assignment-28-06-2026\\product-management\\backend\\src\\modules\\auth\\auth.service.ts","statementMap":{"0":{"start":{"line":1,"column":0},"end":{"line":1,"column":67}},"1":{"start":{"line":2,"column":0},"end":{"line":2,"column":41}},"2":{"start":{"line":3,"column":0},"end":{"line":3,"column":33}},"3":{"start":{"line":4,"column":0},"end":{"line":4,"column":60}},"4":{"start":{"line":8,"column":7},"end":{"line":24,"column":null}},"5":{"start":{"line":10,"column":12},"end":{"line":10,"column":20}},"6":{"start":{"line":11,"column":12},"end":{"line":11,"column":24}},"7":{"start":{"line":15,"column":17},"end":{"line":15,"column":83}},"8":{"start":{"line":16,"column":4},"end":{"line":16,"column":70}},"9":{"start":{"line":16,"column":15},"end":{"line":16,"column":70}},"10":{"start":{"line":18,"column":18},"end":{"line":18,"column":67}},"11":{"start":{"line":19,"column":4},"end":{"line":19,"column":71}},"12":{"start":{"line":19,"column":16},"end":{"line":19,"column":71}},"13":{"start":{"line":21,"column":20},"end":{"line":21,"column":55}},"14":{"start":{"line":22,"column":4},"end":{"line":22,"column":58}},"15":{"start":{"line":8,"column":13},"end":{"line":8,"column":24}},"16":{"start":{"line":8,"column":13},"end":{"line":24,"column":null}}},"fnMap":{"0":{"name":"(anonymous_2)","decl":{"start":{"line":9,"column":2},"end":{"line":9,"column":null}},"loc":{"start":{"line":11,"column":34},"end":{"line":12,"column":6}}},"1":{"name":"(anonymous_3)","decl":{"start":{"line":14,"column":2},"end":{"line":14,"column":7}},"loc":{"start":{"line":14,"column":27},"end":{"line":23,"column":3}}}},"branchMap":{"0":{"loc":{"start":{"line":16,"column":4},"end":{"line":16,"column":70}},"type":"if","locations":[{"start":{"line":16,"column":4},"end":{"line":16,"column":70}}]},"1":{"loc":{"start":{"line":19,"column":4},"end":{"line":19,"column":71}},"type":"if","locations":[{"start":{"line":19,"column":4},"end":{"line":19,"column":71}}]}},"s":{"0":1,"1":1,"2":1,"3":1,"4":1,"5":4,"6":4,"7":5,"8":5,"9":2,"10":3,"11":3,"12":2,"13":1,"14":1,"15":1,"16":1},"f":{"0":4,"1":5},"b":{"0":[2],"1":[2]}}
,"D:\\Assignment-28-06-2026\\product-management\\backend\\src\\modules\\auth\\dto\\login.dto.ts": {"path":"D:\\Assignment-28-06-2026\\product-management\\backend\\src\\modules\\auth\\dto\\login.dto.ts","statementMap":{"0":{"start":{"line":1,"column":0},"end":{"line":1,"column":64}},"1":{"start":{"line":3,"column":0},"end":{"line":3,"column":13}},"2":{"start":{"line":5,"column":2},"end":{"line":5,"column":null}},"3":{"start":{"line":9,"column":2},"end":{"line":9,"column":null}}},"fnMap":{},"branchMap":{},"s":{"0":0,"1":0,"2":0,"3":0},"f":{},"b":{}}
,"D:\\Assignment-28-06-2026\\product-management\\backend\\src\\modules\\auth\\strategies\\jwt.strategy.ts": {"path":"D:\\Assignment-28-06-2026\\product-management\\backend\\src\\modules\\auth\\strategies\\jwt.strategy.ts","statementMap":{"0":{"start":{"line":1,"column":0},"end":{"line":1,"column":67}},"1":{"start":{"line":2,"column":0},"end":{"line":2,"column":47}},"2":{"start":{"line":3,"column":0},"end":{"line":3,"column":52}},"3":{"start":{"line":4,"column":0},"end":{"line":4,"column":52}},"4":{"start":{"line":5,"column":0},"end":{"line":5,"column":63}},"5":{"start":{"line":8,"column":7},"end":{"line":26,"column":null}},"6":{"start":{"line":13,"column":4},"end":{"line":17,"column":7}},"7":{"start":{"line":11,"column":12},"end":{"line":11,"column":20}},"8":{"start":{"line":21,"column":17},"end":{"line":21,"column":82}},"9":{"start":{"line":22,"column":4},"end":{"line":22,"column":49}},"10":{"start":{"line":22,"column":15},"end":{"line":22,"column":49}},"11":{"start":{"line":23,"column":39},"end":{"line":23,"column":43}},"12":{"start":{"line":24,"column":4},"end":{"line":24,"column":18}},"13":{"start":{"line":8,"column":13},"end":{"line":8,"column":24}},"14":{"start":{"line":8,"column":13},"end":{"line":26,"column":null}}},"fnMap":{"0":{"name":"(anonymous_2)","decl":{"start":{"line":9,"column":2},"end":{"line":9,"column":null}},"loc":{"start":{"line":11,"column":33},"end":{"line":18,"column":3}}},"1":{"name":"(anonymous_3)","decl":{"start":{"line":20,"column":2},"end":{"line":20,"column":7}},"loc":{"start":{"line":20,"column":56},"end":{"line":25,"column":3}}}},"branchMap":{"0":{"loc":{"start":{"line":22,"column":4},"end":{"line":22,"column":49}},"type":"if","locations":[{"start":{"line":22,"column":4},"end":{"line":22,"column":49}}]}},"s":{"0":0,"1":0,"2":0,"3":0,"4":0,"5":0,"6":0,"7":0,"8":0,"9":0,"10":0,"11":0,"12":0,"13":0,"14":0},"f":{"0":0,"1":0},"b":{"0":[0]}}
,"D:\\Assignment-28-06-2026\\product-management\\backend\\src\\modules\\bulk-upload\\bulk-upload.controller.ts": {"path":"D:\\Assignment-28-06-2026\\product-management\\backend\\src\\modules\\bulk-upload\\bulk-upload.controller.ts","statementMap":{"0":{"start":{"line":1,"column":0},"end":{"line":1,"column":114}},"1":{"start":{"line":2,"column":0},"end":{"line":2,"column":59}},"2":{"start":{"line":3,"column":0},"end":{"line":3,"column":37}},"3":{"start":{"line":4,"column":0},"end":{"line":4,"column":36}},"4":{"start":{"line":6,"column":0},"end":{"line":6,"column":77}},"5":{"start":{"line":7,"column":0},"end":{"line":7,"column":58}},"6":{"start":{"line":10,"column":7},"end":{"line":39,"column":null}},"7":{"start":{"line":11,"column":22},"end":{"line":11,"column":41}},"8":{"start":{"line":31,"column":4},"end":{"line":31,"column":65}},"9":{"start":{"line":31,"column":15},"end":{"line":31,"column":65}},"10":{"start":{"line":32,"column":4},"end":{"line":32,"column":62}},"11":{"start":{"line":37,"column":4},"end":{"line":37,"column":51}},"12":{"start":{"line":10,"column":13},"end":{"line":10,"column":33}},"13":{"start":{"line":30,"column":2},"end":{"line":33,"column":null}},"14":{"start":{"line":19,"column":10},"end":{"line":19,"column":54}},"15":{"start":{"line":22,"column":8},"end":{"line":24,"column":9}},"16":{"start":{"line":23,"column":10},"end":{"line":23,"column":90}},"17":{"start":{"line":25,"column":8},"end":{"line":25,"column":23}},"18":{"start":{"line":36,"column":2},"end":{"line":38,"column":null}},"19":{"start":{"line":10,"column":13},"end":{"line":39,"column":null}}},"fnMap":{"0":{"name":"(anonymous_4)","decl":{"start":{"line":11,"column":2},"end":{"line":11,"column":22}},"loc":{"start":{"line":11,"column":58},"end":{"line":11,"column":62}}},"1":{"name":"(anonymous_5)","decl":{"start":{"line":30,"column":2},"end":{"line":30,"column":12}},"loc":{"start":{"line":30,"column":89},"end":{"line":33,"column":3}}},"2":{"name":"(anonymous_6)","decl":{"start":{"line":36,"column":2},"end":{"line":36,"column":11}},"loc":{"start":{"line":36,"column":41},"end":{"line":38,"column":3}}},"3":{"name":"(anonymous_7)","decl":{"start":{"line":18,"column":18},"end":{"line":18,"column":19}},"loc":{"start":{"line":19,"column":10},"end":{"line":19,"column":54}}},"4":{"name":"(anonymous_8)","decl":{"start":{"line":21,"column":18},"end":{"line":21,"column":19}},"loc":{"start":{"line":21,"column":37},"end":{"line":26,"column":7}}}},"branchMap":{"0":{"loc":{"start":{"line":31,"column":4},"end":{"line":31,"column":65}},"type":"if","locations":[{"start":{"line":31,"column":4},"end":{"line":31,"column":65}}]},"1":{"loc":{"start":{"line":22,"column":8},"end":{"line":24,"column":9}},"type":"if","locations":[{"start":{"line":22,"column":8},"end":{"line":24,"column":9}}]}},"s":{"0":0,"1":0,"2":0,"3":0,"4":0,"5":0,"6":0,"7":0,"8":0,"9":0,"10":0,"11":0,"12":0,"13":0,"14":0,"15":0,"16":0,"17":0,"18":0,"19":0},"f":{"0":0,"1":0,"2":0,"3":0,"4":0},"b":{"0":[0],"1":[0]}}
,"D:\\Assignment-28-06-2026\\product-management\\backend\\src\\modules\\bulk-upload\\bulk-upload.processor.ts": {"path":"D:\\Assignment-28-06-2026\\product-management\\backend\\src\\modules\\bulk-upload\\bulk-upload.processor.ts","statementMap":{"0":{"start":{"line":1,"column":0},"end":{"line":1,"column":55}},"1":{"start":{"line":2,"column":0},"end":{"line":2,"column":40}},"2":{"start":{"line":4,"column":0},"end":{"line":4,"column":31}},"3":{"start":{"line":5,"column":0},"end":{"line":5,"column":35}},"4":{"start":{"line":6,"column":0},"end":{"line":6,"column":25}},"5":{"start":{"line":7,"column":0},"end":{"line":7,"column":33}},"6":{"start":{"line":8,"column":0},"end":{"line":8,"column":60}},"7":{"start":{"line":10,"column":19},"end":{"line":10,"column":22}},"8":{"start":{"line":20,"column":32},"end":{"line":149,"column":null}},"9":{"start":{"line":24,"column":4},"end":{"line":24,"column":12}},"10":{"start":{"line":23,"column":22},"end":{"line":23,"column":30}},"11":{"start":{"line":21,"column":19},"end":{"line":21,"column":65}},"12":{"start":{"line":28,"column":32},"end":{"line":28,"column":40}},"13":{"start":{"line":29,"column":4},"end":{"line":29,"column":59}},"14":{"start":{"line":31,"column":4},"end":{"line":34,"column":7}},"15":{"start":{"line":36,"column":4},"end":{"line":103,"column":5}},"16":{"start":{"line":37,"column":19},"end":{"line":37,"column":49}},"17":{"start":{"line":38,"column":20},"end":{"line":38,"column":31}},"18":{"start":{"line":40,"column":6},"end":{"line":40,"column":88}},"19":{"start":{"line":42,"column":20},"end":{"line":42,"column":58}},"20":{"start":{"line":43,"column":20},"end":{"line":45,"column":97}},"21":{"start":{"line":44,"column":8},"end":{"line":45,"column":97}},"22":{"start":{"line":45,"column":40},"end":{"line":45,"column":87}},"23":{"start":{"line":47,"column":22},"end":{"line":47,"column":23}},"24":{"start":{"line":48,"column":19},"end":{"line":48,"column":20}},"25":{"start":{"line":49,"column":56},"end":{"line":49,"column":58}},"26":{"start":{"line":51,"column":6},"end":{"line":89,"column":7}},"27":{"start":{"line":51,"column":19},"end":{"line":51,"column":20}},"28":{"start":{"line":52,"column":22},"end":{"line":52,"column":51}},"29":{"start":{"line":54,"column":8},"end":{"line":83,"column":9}},"30":{"start":{"line":54,"column":21},"end":{"line":54,"column":22}},"31":{"start":{"line":55,"column":22},"end":{"line":55,"column":30}},"32":{"start":{"line":56,"column":25},"end":{"line":56,"column":34}},"33":{"start":{"line":57,"column":10},"end":{"line":82,"column":11}},"34":{"start":{"line":58,"column":12},"end":{"line":60,"column":13}},"35":{"start":{"line":59,"column":14},"end":{"line":59,"column":83}},"36":{"start":{"line":61,"column":26},"end":{"line":61,"column":47}},"37":{"start":{"line":62,"column":12},"end":{"line":62,"column":76}},"38":{"start":{"line":62,"column":43},"end":{"line":62,"column":76}},"39":{"start":{"line":64,"column":29},"end":{"line":66,"column":14}},"40":{"start":{"line":67,"column":12},"end":{"line":67,"column":85}},"41":{"start":{"line":67,"column":27},"end":{"line":67,"column":85}},"42":{"start":{"line":69,"column":12},"end":{"line":77,"column":15}},"43":{"start":{"line":78,"column":12},"end":{"line":78,"column":24}},"44":{"start":{"line":80,"column":12},"end":{"line":80,"column":21}},"45":{"start":{"line":81,"column":12},"end":{"line":81,"column":62}},"46":{"start":{"line":85,"column":8},"end":{"line":88,"column":11}},"47":{"start":{"line":91,"column":6},"end":{"line":94,"column":9}},"48":{"start":{"line":96,"column":6},"end":{"line":96,"column":79}},"49":{"start":{"line":98,"column":6},"end":{"line":98,"column":63}},"50":{"start":{"line":99,"column":6},"end":{"line":102,"column":9}},"51":{"start":{"line":107,"column":16},"end":{"line":107,"column":47}},"52":{"start":{"line":108,"column":4},"end":{"line":108,"column":55}},"53":{"start":{"line":108,"column":24},"end":{"line":108,"column":55}},"54":{"start":{"line":109,"column":4},"end":{"line":109,"column":36}},"55":{"start":{"line":113,"column":4},"end":{"line":120,"column":7}},"56":{"start":{"line":114,"column":30},"end":{"line":114,"column":32}},"57":{"start":{"line":115,"column":6},"end":{"line":119,"column":29}},"58":{"start":{"line":117,"column":38},"end":{"line":117,"column":52}},"59":{"start":{"line":118,"column":25},"end":{"line":118,"column":38}},"60":{"start":{"line":124,"column":21},"end":{"line":124,"column":43}},"61":{"start":{"line":125,"column":4},"end":{"line":125,"column":43}},"62":{"start":{"line":126,"column":18},"end":{"line":126,"column":42}},"63":{"start":{"line":127,"column":4},"end":{"line":127,"column":26}},"64":{"start":{"line":127,"column":16},"end":{"line":127,"column":26}},"65":{"start":{"line":129,"column":28},"end":{"line":129,"column":30}},"66":{"start":{"line":130,"column":28},"end":{"line":130,"column":30}},"67":{"start":{"line":132,"column":4},"end":{"line":145,"column":7}},"68":{"start":{"line":133,"column":6},"end":{"line":138,"column":7}},"69":{"start":{"line":134,"column":8},"end":{"line":136,"column":81}},"70":{"start":{"line":136,"column":22},"end":{"line":136,"column":79}},"71":{"start":{"line":137,"column":8},"end":{"line":137,"column":15}},"72":{"start":{"line":139,"column":20},"end":{"line":139,"column":49}},"73":{"start":{"line":140,"column":23},"end":{"line":140,"column":25}},"74":{"start":{"line":141,"column":6},"end":{"line":143,"column":9}},"75":{"start":{"line":142,"column":8},"end":{"line":142,"column":62}},"76":{"start":{"line":144,"column":6},"end":{"line":144,"column":32}},"77":{"start":{"line":147,"column":4},"end":{"line":147,"column":16}},"78":{"start":{"line":20,"column":13},"end":{"line":20,"column":32}},"79":{"start":{"line":20,"column":13},"end":{"line":149,"column":null}}},"fnMap":{"0":{"name":"(anonymous_2)","decl":{"start":{"line":23,"column":2},"end":{"line":23,"column":22}},"loc":{"start":{"line":23,"column":43},"end":{"line":25,"column":3}}},"1":{"name":"(anonymous_3)","decl":{"start":{"line":27,"column":2},"end":{"line":27,"column":7}},"loc":{"start":{"line":27,"column":61},"end":{"line":104,"column":3}}},"2":{"name":"(anonymous_4)","decl":{"start":{"line":43,"column":20},"end":{"line":43,"column":23}},"loc":{"start":{"line":44,"column":8},"end":{"line":45,"column":97}}},"3":{"name":"(anonymous_5)","decl":{"start":{"line":45,"column":34},"end":{"line":45,"column":37}},"loc":{"start":{"line":45,"column":40},"end":{"line":45,"column":87}}},"4":{"name":"(anonymous_6)","decl":{"start":{"line":106,"column":10},"end":{"line":106,"column":19}},"loc":{"start":{"line":106,"column":36},"end":{"line":110,"column":3}}},"5":{"name":"(anonymous_7)","decl":{"start":{"line":112,"column":10},"end":{"line":112,"column":18}},"loc":{"start":{"line":112,"column":35},"end":{"line":121,"column":3}}},"6":{"name":"(anonymous_8)","decl":{"start":{"line":113,"column":23},"end":{"line":113,"column":24}},"loc":{"start":{"line":113,"column":43},"end":{"line":120,"column":5}}},"7":{"name":"(anonymous_9)","decl":{"start":{"line":117,"column":20},"end":{"line":117,"column":21}},"loc":{"start":{"line":117,"column":38},"end":{"line":117,"column":52}}},"8":{"name":"(anonymous_10)","decl":{"start":{"line":118,"column":19},"end":{"line":118,"column":22}},"loc":{"start":{"line":118,"column":25},"end":{"line":118,"column":38}}},"9":{"name":"(anonymous_11)","decl":{"start":{"line":123,"column":10},"end":{"line":123,"column":15}},"loc":{"start":{"line":123,"column":42},"end":{"line":148,"column":3}}},"10":{"name":"(anonymous_12)","decl":{"start":{"line":132,"column":43},"end":{"line":132,"column":44}},"loc":{"start":{"line":132,"column":62},"end":{"line":145,"column":5}}},"11":{"name":"(anonymous_13)","decl":{"start":{"line":136,"column":15},"end":{"line":136,"column":16}},"loc":{"start":{"line":136,"column":22},"end":{"line":136,"column":79}}},"12":{"name":"(anonymous_14)","decl":{"start":{"line":141,"column":22},"end":{"line":141,"column":23}},"loc":{"start":{"line":141,"column":31},"end":{"line":143,"column":7}}}},"branchMap":{"0":{"loc":{"start":{"line":58,"column":12},"end":{"line":60,"column":13}},"type":"if","locations":[{"start":{"line":58,"column":12},"end":{"line":60,"column":13}}]},"1":{"loc":{"start":{"line":58,"column":16},"end":{"line":58,"column":59}},"type":"binary-expr","locations":[{"start":{"line":58,"column":16},"end":{"line":58,"column":25}},{"start":{"line":58,"column":29},"end":{"line":58,"column":39}},{"start":{"line":58,"column":43},"end":{"line":58,"column":59}}]},"2":{"loc":{"start":{"line":62,"column":12},"end":{"line":62,"column":76}},"type":"if","locations":[{"start":{"line":62,"column":12},"end":{"line":62,"column":76}}]},"3":{"loc":{"start":{"line":62,"column":16},"end":{"line":62,"column":41}},"type":"binary-expr","locations":[{"start":{"line":62,"column":16},"end":{"line":62,"column":28}},{"start":{"line":62,"column":32},"end":{"line":62,"column":41}}]},"4":{"loc":{"start":{"line":67,"column":12},"end":{"line":67,"column":85}},"type":"if","locations":[{"start":{"line":67,"column":12},"end":{"line":67,"column":85}}]},"5":{"loc":{"start":{"line":75,"column":23},"end":{"line":75,"column":50}},"type":"binary-expr","locations":[{"start":{"line":75,"column":23},"end":{"line":75,"column":44}},{"start":{"line":75,"column":48},"end":{"line":75,"column":50}}]},"6":{"loc":{"start":{"line":108,"column":4},"end":{"line":108,"column":55}},"type":"if","locations":[{"start":{"line":108,"column":4},"end":{"line":108,"column":55}}]},"7":{"loc":{"start":{"line":127,"column":4},"end":{"line":127,"column":26}},"type":"if","locations":[{"start":{"line":127,"column":4},"end":{"line":127,"column":26}}]},"8":{"loc":{"start":{"line":133,"column":6},"end":{"line":138,"column":7}},"type":"if","locations":[{"start":{"line":133,"column":6},"end":{"line":138,"column":7}}]},"9":{"loc":{"start":{"line":136,"column":29},"end":{"line":136,"column":36}},"type":"binary-expr","locations":[{"start":{"line":136,"column":29},"end":{"line":136,"column":30}},{"start":{"line":136,"column":34},"end":{"line":136,"column":36}}]},"10":{"loc":{"start":{"line":142,"column":17},"end":{"line":142,"column":61}},"type":"cond-expr","locations":[{"start":{"line":142,"column":41},"end":{"line":142,"column":56}},{"start":{"line":142,"column":59},"end":{"line":142,"column":61}}]}},"s":{"0":0,"1":0,"2":0,"3":0,"4":0,"5":0,"6":0,"7":0,"8":0,"9":0,"10":0,"11":0,"12":0,"13":0,"14":0,"15":0,"16":0,"17":0,"18":0,"19":0,"20":0,"21":0,"22":0,"23":0,"24":0,"25":0,"26":0,"27":0,"28":0,"29":0,"30":0,"31":0,"32":0,"33":0,"34":0,"35":0,"36":0,"37":0,"38":0,"39":0,"40":0,"41":0,"42":0,"43":0,"44":0,"45":0,"46":0,"47":0,"48":0,"49":0,"50":0,"51":0,"52":0,"53":0,"54":0,"55":0,"56":0,"57":0,"58":0,"59":0,"60":0,"61":0,"62":0,"63":0,"64":0,"65":0,"66":0,"67":0,"68":0,"69":0,"70":0,"71":0,"72":0,"73":0,"74":0,"75":0,"76":0,"77":0,"78":0,"79":0},"f":{"0":0,"1":0,"2":0,"3":0,"4":0,"5":0,"6":0,"7":0,"8":0,"9":0,"10":0,"11":0,"12":0},"b":{"0":[0],"1":[0,0,0],"2":[0],"3":[0,0],"4":[0],"5":[0,0],"6":[0],"7":[0],"8":[0],"9":[0,0],"10":[0,0]}}
,"D:\\Assignment-28-06-2026\\product-management\\backend\\src\\modules\\bulk-upload\\bulk-upload.service.ts": {"path":"D:\\Assignment-28-06-2026\\product-management\\backend\\src\\modules\\bulk-upload\\bulk-upload.service.ts","statementMap":{"0":{"start":{"line":1,"column":0},"end":{"line":1,"column":63}},"1":{"start":{"line":2,"column":0},"end":{"line":2,"column":45}},"2":{"start":{"line":3,"column":0},"end":{"line":3,"column":31}},"3":{"start":{"line":4,"column":0},"end":{"line":4,"column":60}},"4":{"start":{"line":7,"column":7},"end":{"line":27,"column":null}},"5":{"start":{"line":9,"column":12},"end":{"line":9,"column":20}},"6":{"start":{"line":10,"column":40},"end":{"line":10,"column":47}},"7":{"start":{"line":14,"column":16},"end":{"line":17,"column":6}},"8":{"start":{"line":18,"column":4},"end":{"line":18,"column":65}},"9":{"start":{"line":19,"column":4},"end":{"line":19,"column":75}},"10":{"start":{"line":23,"column":16},"end":{"line":23,"column":84}},"11":{"start":{"line":24,"column":4},"end":{"line":24,"column":71}},"12":{"start":{"line":24,"column":14},"end":{"line":24,"column":71}},"13":{"start":{"line":25,"column":4},"end":{"line":25,"column":15}},"14":{"start":{"line":7,"column":13},"end":{"line":7,"column":30}},"15":{"start":{"line":7,"column":13},"end":{"line":27,"column":null}}},"fnMap":{"0":{"name":"(anonymous_4)","decl":{"start":{"line":8,"column":2},"end":{"line":8,"column":null}},"loc":{"start":{"line":10,"column":52},"end":{"line":11,"column":6}}},"1":{"name":"(anonymous_5)","decl":{"start":{"line":13,"column":2},"end":{"line":13,"column":7}},"loc":{"start":{"line":13,"column":50},"end":{"line":20,"column":3}}},"2":{"name":"(anonymous_6)","decl":{"start":{"line":22,"column":2},"end":{"line":22,"column":7}},"loc":{"start":{"line":22,"column":31},"end":{"line":26,"column":3}}}},"branchMap":{"0":{"loc":{"start":{"line":24,"column":4},"end":{"line":24,"column":71}},"type":"if","locations":[{"start":{"line":24,"column":4},"end":{"line":24,"column":71}}]}},"s":{"0":1,"1":1,"2":1,"3":1,"4":1,"5":6,"6":6,"7":3,"8":3,"9":3,"10":3,"11":3,"12":1,"13":2,"14":1,"15":1},"f":{"0":6,"1":3,"2":3},"b":{"0":[1]}}
,"D:\\Assignment-28-06-2026\\product-management\\backend\\src\\modules\\categories\\categories.controller.ts": {"path":"D:\\Assignment-28-06-2026\\product-management\\backend\\src\\modules\\categories\\categories.controller.ts","statementMap":{"0":{"start":{"line":1,"column":0},"end":{"line":1,"column":81}},"1":{"start":{"line":2,"column":0},"end":{"line":2,"column":77}},"2":{"start":{"line":3,"column":0},"end":{"line":3,"column":57}},"3":{"start":{"line":4,"column":0},"end":{"line":4,"column":62}},"4":{"start":{"line":5,"column":0},"end":{"line":5,"column":62}},"5":{"start":{"line":8,"column":7},"end":{"line":35,"column":null}},"6":{"start":{"line":9,"column":22},"end":{"line":9,"column":41}},"7":{"start":{"line":13,"column":4},"end":{"line":13,"column":54}},"8":{"start":{"line":18,"column":4},"end":{"line":18,"column":44}},"9":{"start":{"line":23,"column":4},"end":{"line":23,"column":46}},"10":{"start":{"line":28,"column":4},"end":{"line":28,"column":58}},"11":{"start":{"line":33,"column":4},"end":{"line":33,"column":45}},"12":{"start":{"line":8,"column":13},"end":{"line":8,"column":33}},"13":{"start":{"line":12,"column":2},"end":{"line":14,"column":null}},"14":{"start":{"line":17,"column":2},"end":{"line":19,"column":null}},"15":{"start":{"line":22,"column":2},"end":{"line":24,"column":null}},"16":{"start":{"line":27,"column":2},"end":{"line":29,"column":null}},"17":{"start":{"line":32,"column":2},"end":{"line":34,"column":null}},"18":{"start":{"line":8,"column":13},"end":{"line":35,"column":null}}},"fnMap":{"0":{"name":"(anonymous_4)","decl":{"start":{"line":9,"column":2},"end":{"line":9,"column":22}},"loc":{"start":{"line":9,"column":58},"end":{"line":9,"column":62}}},"1":{"name":"(anonymous_5)","decl":{"start":{"line":12,"column":2},"end":{"line":12,"column":8}},"loc":{"start":{"line":12,"column":74},"end":{"line":14,"column":3}}},"2":{"name":"(anonymous_6)","decl":{"start":{"line":17,"column":2},"end":{"line":17,"column":9}},"loc":{"start":{"line":17,"column":9},"end":{"line":19,"column":3}}},"3":{"name":"(anonymous_7)","decl":{"start":{"line":22,"column":2},"end":{"line":22,"column":9}},"loc":{"start":{"line":22,"column":33},"end":{"line":24,"column":3}}},"4":{"name":"(anonymous_8)","decl":{"start":{"line":27,"column":2},"end":{"line":27,"column":8}},"loc":{"start":{"line":27,"column":99},"end":{"line":29,"column":3}}},"5":{"name":"(anonymous_9)","decl":{"start":{"line":32,"column":2},"end":{"line":32,"column":8}},"loc":{"start":{"line":32,"column":32},"end":{"line":34,"column":3}}}},"branchMap":{},"s":{"0":0,"1":0,"2":0,"3":0,"4":0,"5":0,"6":0,"7":0,"8":0,"9":0,"10":0,"11":0,"12":0,"13":0,"14":0,"15":0,"16":0,"17":0,"18":0},"f":{"0":0,"1":0,"2":0,"3":0,"4":0,"5":0},"b":{}}
,"D:\\Assignment-28-06-2026\\product-management\\backend\\src\\modules\\categories\\categories.service.ts": {"path":"D:\\Assignment-28-06-2026\\product-management\\backend\\src\\modules\\categories\\categories.service.ts","statementMap":{"0":{"start":{"line":1,"column":0},"end":{"line":1,"column":84}},"1":{"start":{"line":2,"column":0},"end":{"line":2,"column":60}},"2":{"start":{"line":7,"column":7},"end":{"line":80,"column":null}},"3":{"start":{"line":8,"column":22},"end":{"line":8,"column":30}},"4":{"start":{"line":11,"column":18},"end":{"line":11,"column":56}},"5":{"start":{"line":12,"column":4},"end":{"line":19,"column":5}},"6":{"start":{"line":12,"column":23},"end":{"line":12,"column":24}},"7":{"start":{"line":13,"column":21},"end":{"line":15,"column":16}},"8":{"start":{"line":14,"column":8},"end":{"line":14,"column":55}},"9":{"start":{"line":16,"column":17},"end":{"line":16,"column":32}},"10":{"start":{"line":17,"column":23},"end":{"line":17,"column":89}},"11":{"start":{"line":18,"column":6},"end":{"line":18,"column":31}},"12":{"start":{"line":18,"column":21},"end":{"line":18,"column":31}},"13":{"start":{"line":20,"column":4},"end":{"line":20,"column":61}},"14":{"start":{"line":24,"column":4},"end":{"line":27,"column":6}},"15":{"start":{"line":31,"column":19},"end":{"line":31,"column":86}},"16":{"start":{"line":32,"column":4},"end":{"line":32,"column":78}},"17":{"start":{"line":32,"column":16},"end":{"line":32,"column":78}},"18":{"start":{"line":33,"column":21},"end":{"line":33,"column":50}},"19":{"start":{"line":34,"column":4},"end":{"line":37,"column":7}},"20":{"start":{"line":41,"column":4},"end":{"line":44,"column":7}},"21":{"start":{"line":48,"column":21},"end":{"line":51,"column":6}},"22":{"start":{"line":52,"column":4},"end":{"line":52,"column":69}},"23":{"start":{"line":52,"column":19},"end":{"line":52,"column":69}},"24":{"start":{"line":53,"column":4},"end":{"line":53,"column":20}},"25":{"start":{"line":57,"column":4},"end":{"line":57,"column":27}},"26":{"start":{"line":58,"column":4},"end":{"line":63,"column":5}},"27":{"start":{"line":59,"column":23},"end":{"line":61,"column":8}},"28":{"start":{"line":62,"column":6},"end":{"line":62,"column":82}},"29":{"start":{"line":62,"column":20},"end":{"line":62,"column":82}},"30":{"start":{"line":64,"column":4},"end":{"line":68,"column":7}},"31":{"start":{"line":72,"column":4},"end":{"line":72,"column":27}},"32":{"start":{"line":73,"column":24},"end":{"line":73,"column":86}},"33":{"start":{"line":74,"column":4},"end":{"line":76,"column":5}},"34":{"start":{"line":75,"column":6},"end":{"line":75,"column":85}},"35":{"start":{"line":77,"column":4},"end":{"line":77,"column":57}},"36":{"start":{"line":78,"column":4},"end":{"line":78,"column":43}},"37":{"start":{"line":7,"column":13},"end":{"line":7,"column":30}},"38":{"start":{"line":7,"column":13},"end":{"line":80,"column":null}}},"fnMap":{"0":{"name":"(anonymous_2)","decl":{"start":{"line":8,"column":2},"end":{"line":8,"column":22}},"loc":{"start":{"line":8,"column":43},"end":{"line":8,"column":47}}},"1":{"name":"(anonymous_3)","decl":{"start":{"line":10,"column":10},"end":{"line":10,"column":15}},"loc":{"start":{"line":10,"column":32},"end":{"line":21,"column":3}}},"2":{"name":"(anonymous_4)","decl":{"start":{"line":13,"column":47},"end":{"line":13,"column":50}},"loc":{"start":{"line":14,"column":8},"end":{"line":14,"column":55}}},"3":{"name":"(anonymous_5)","decl":{"start":{"line":23,"column":10},"end":{"line":23,"column":22}},"loc":{"start":{"line":23,"column":22},"end":{"line":28,"column":3}}},"4":{"name":"(anonymous_6)","decl":{"start":{"line":30,"column":2},"end":{"line":30,"column":7}},"loc":{"start":{"line":30,"column":54},"end":{"line":38,"column":3}}},"5":{"name":"(anonymous_7)","decl":{"start":{"line":40,"column":2},"end":{"line":40,"column":9}},"loc":{"start":{"line":40,"column":9},"end":{"line":45,"column":3}}},"6":{"name":"(anonymous_8)","decl":{"start":{"line":47,"column":2},"end":{"line":47,"column":7}},"loc":{"start":{"line":47,"column":26},"end":{"line":54,"column":3}}},"7":{"name":"(anonymous_9)","decl":{"start":{"line":56,"column":2},"end":{"line":56,"column":7}},"loc":{"start":{"line":56,"column":66},"end":{"line":69,"column":3}}},"8":{"name":"(anonymous_10)","decl":{"start":{"line":71,"column":2},"end":{"line":71,"column":7}},"loc":{"start":{"line":71,"column":25},"end":{"line":79,"column":3}}}},"branchMap":{"0":{"loc":{"start":{"line":18,"column":6},"end":{"line":18,"column":31}},"type":"if","locations":[{"start":{"line":18,"column":6},"end":{"line":18,"column":31}}]},"1":{"loc":{"start":{"line":32,"column":4},"end":{"line":32,"column":78}},"type":"if","locations":[{"start":{"line":32,"column":4},"end":{"line":32,"column":78}}]},"2":{"loc":{"start":{"line":52,"column":4},"end":{"line":52,"column":69}},"type":"if","locations":[{"start":{"line":52,"column":4},"end":{"line":52,"column":69}}]},"3":{"loc":{"start":{"line":58,"column":4},"end":{"line":63,"column":5}},"type":"if","locations":[{"start":{"line":58,"column":4},"end":{"line":63,"column":5}}]},"4":{"loc":{"start":{"line":62,"column":6},"end":{"line":62,"column":82}},"type":"if","locations":[{"start":{"line":62,"column":6},"end":{"line":62,"column":82}}]},"5":{"loc":{"start":{"line":74,"column":4},"end":{"line":76,"column":5}},"type":"if","locations":[{"start":{"line":74,"column":4},"end":{"line":76,"column":5}}]}},"s":{"0":1,"1":1,"2":1,"3":13,"4":3,"5":3,"6":3,"7":4,"8":24,"9":4,"10":4,"11":4,"12":3,"13":0,"14":13,"15":4,"16":4,"17":1,"18":3,"19":3,"20":1,"21":8,"22":8,"23":3,"24":5,"25":3,"26":2,"27":2,"28":2,"29":1,"30":1,"31":3,"32":2,"33":2,"34":1,"35":1,"36":1,"37":1,"38":1},"f":{"0":13,"1":3,"2":24,"3":13,"4":4,"5":1,"6":8,"7":3,"8":3},"b":{"0":[3],"1":[1],"2":[3],"3":[2],"4":[1],"5":[1]}}
,"D:\\Assignment-28-06-2026\\product-management\\backend\\src\\modules\\categories\\dto\\create-category.dto.ts": {"path":"D:\\Assignment-28-06-2026\\product-management\\backend\\src\\modules\\categories\\dto\\create-category.dto.ts","statementMap":{"0":{"start":{"line":1,"column":0},"end":{"line":1,"column":55}},"1":{"start":{"line":3,"column":0},"end":{"line":3,"column":13}},"2":{"start":{"line":6,"column":2},"end":{"line":6,"column":null}}},"fnMap":{},"branchMap":{},"s":{"0":0,"1":0,"2":0},"f":{},"b":{}}
,"D:\\Assignment-28-06-2026\\product-management\\backend\\src\\modules\\categories\\dto\\update-category.dto.ts": {"path":"D:\\Assignment-28-06-2026\\product-management\\backend\\src\\modules\\categories\\dto\\update-category.dto.ts","statementMap":{"0":{"start":{"line":1,"column":0},"end":{"line":1,"column":51}},"1":{"start":{"line":2,"column":0},"end":{"line":2,"column":58}},"2":{"start":{"line":4,"column":0},"end":{"line":4,"column":13}}},"fnMap":{},"branchMap":{},"s":{"0":0,"1":0,"2":0},"f":{},"b":{}}
,"D:\\Assignment-28-06-2026\\product-management\\backend\\src\\modules\\products\\products.controller.ts": {"path":"D:\\Assignment-28-06-2026\\product-management\\backend\\src\\modules\\products\\products.controller.ts","statementMap":{"0":{"start":{"line":1,"column":0},"end":{"line":1,"column":null}},"1":{"start":{"line":13,"column":0},"end":{"line":13,"column":59}},"2":{"start":{"line":14,"column":0},"end":{"line":14,"column":37}},"3":{"start":{"line":15,"column":0},"end":{"line":15,"column":31}},"4":{"start":{"line":16,"column":0},"end":{"line":16,"column":36}},"5":{"start":{"line":17,"column":0},"end":{"line":17,"column":77}},"6":{"start":{"line":18,"column":0},"end":{"line":18,"column":60}},"7":{"start":{"line":19,"column":0},"end":{"line":19,"column":58}},"8":{"start":{"line":20,"column":0},"end":{"line":20,"column":60}},"9":{"start":{"line":21,"column":0},"end":{"line":21,"column":53}},"10":{"start":{"line":23,"column":21},"end":{"line":26,"column":2}},"11":{"start":{"line":25,"column":32},"end":{"line":25,"column":84}},"12":{"start":{"line":29,"column":7},"end":{"line":67,"column":null}},"13":{"start":{"line":30,"column":22},"end":{"line":30,"column":39}},"14":{"start":{"line":39,"column":4},"end":{"line":39,"column":58}},"15":{"start":{"line":44,"column":4},"end":{"line":44,"column":47}},"16":{"start":{"line":49,"column":4},"end":{"line":49,"column":44}},"17":{"start":{"line":60,"column":4},"end":{"line":60,"column":62}},"18":{"start":{"line":65,"column":4},"end":{"line":65,"column":43}},"19":{"start":{"line":29,"column":13},"end":{"line":29,"column":31}},"20":{"start":{"line":34,"column":2},"end":{"line":40,"column":null}},"21":{"start":{"line":43,"column":2},"end":{"line":45,"column":null}},"22":{"start":{"line":48,"column":2},"end":{"line":50,"column":null}},"23":{"start":{"line":54,"column":2},"end":{"line":61,"column":null}},"24":{"start":{"line":64,"column":2},"end":{"line":66,"column":null}},"25":{"start":{"line":29,"column":13},"end":{"line":67,"column":null}}},"fnMap":{"0":{"name":"(anonymous_4)","decl":{"start":{"line":25,"column":12},"end":{"line":25,"column":13}},"loc":{"start":{"line":25,"column":32},"end":{"line":25,"column":84}}},"1":{"name":"(anonymous_5)","decl":{"start":{"line":30,"column":2},"end":{"line":30,"column":22}},"loc":{"start":{"line":30,"column":54},"end":{"line":30,"column":58}}},"2":{"name":"(anonymous_6)","decl":{"start":{"line":34,"column":2},"end":{"line":34,"column":8}},"loc":{"start":{"line":37,"column":37},"end":{"line":40,"column":3}}},"3":{"name":"(anonymous_7)","decl":{"start":{"line":43,"column":2},"end":{"line":43,"column":9}},"loc":{"start":{"line":43,"column":41},"end":{"line":45,"column":3}}},"4":{"name":"(anonymous_8)","decl":{"start":{"line":48,"column":2},"end":{"line":48,"column":9}},"loc":{"start":{"line":48,"column":33},"end":{"line":50,"column":3}}},"5":{"name":"(anonymous_9)","decl":{"start":{"line":54,"column":2},"end":{"line":54,"column":8}},"loc":{"start":{"line":58,"column":37},"end":{"line":61,"column":3}}},"6":{"name":"(anonymous_10)","decl":{"start":{"line":64,"column":2},"end":{"line":64,"column":8}},"loc":{"start":{"line":64,"column":32},"end":{"line":66,"column":3}}}},"branchMap":{},"s":{"0":0,"1":0,"2":0,"3":0,"4":0,"5":0,"6":0,"7":0,"8":0,"9":0,"10":0,"11":0,"12":0,"13":0,"14":0,"15":0,"16":0,"17":0,"18":0,"19":0,"20":0,"21":0,"22":0,"23":0,"24":0,"25":0},"f":{"0":0,"1":0,"2":0,"3":0,"4":0,"5":0,"6":0},"b":{}}
,"D:\\Assignment-28-06-2026\\product-management\\backend\\src\\modules\\products\\products.service.ts": {"path":"D:\\Assignment-28-06-2026\\product-management\\backend\\src\\modules\\products\\products.service.ts","statementMap":{"0":{"start":{"line":1,"column":0},"end":{"line":1,"column":84}},"1":{"start":{"line":2,"column":0},"end":{"line":2,"column":60}},"2":{"start":{"line":8,"column":7},"end":{"line":112,"column":null}},"3":{"start":{"line":9,"column":22},"end":{"line":9,"column":30}},"4":{"start":{"line":12,"column":4},"end":{"line":16,"column":6}},"5":{"start":{"line":20,"column":18},"end":{"line":20,"column":56}},"6":{"start":{"line":21,"column":4},"end":{"line":28,"column":5}},"7":{"start":{"line":21,"column":23},"end":{"line":21,"column":24}},"8":{"start":{"line":22,"column":21},"end":{"line":24,"column":16}},"9":{"start":{"line":23,"column":8},"end":{"line":23,"column":55}},"10":{"start":{"line":25,"column":17},"end":{"line":25,"column":32}},"11":{"start":{"line":26,"column":23},"end":{"line":26,"column":88}},"12":{"start":{"line":27,"column":6},"end":{"line":27,"column":31}},"13":{"start":{"line":27,"column":21},"end":{"line":27,"column":31}},"14":{"start":{"line":29,"column":4},"end":{"line":29,"column":60}},"15":{"start":{"line":33,"column":21},"end":{"line":33,"column":93}},"16":{"start":{"line":34,"column":4},"end":{"line":34,"column":71}},"17":{"start":{"line":34,"column":19},"end":{"line":34,"column":71}},"18":{"start":{"line":36,"column":21},"end":{"line":36,"column":50}},"19":{"start":{"line":37,"column":18},"end":{"line":37,"column":63}},"20":{"start":{"line":39,"column":4},"end":{"line":42,"column":7}},"21":{"start":{"line":46,"column":67},"end":{"line":46,"column":72}},"22":{"start":{"line":47,"column":17},"end":{"line":47,"column":35}},"23":{"start":{"line":49,"column":23},"end":{"line":57,"column":6}},"24":{"start":{"line":59,"column":27},"end":{"line":68,"column":6}},"25":{"start":{"line":70,"column":4},"end":{"line":76,"column":6}},"26":{"start":{"line":80,"column":20},"end":{"line":83,"column":6}},"27":{"start":{"line":84,"column":4},"end":{"line":84,"column":67}},"28":{"start":{"line":84,"column":18},"end":{"line":84,"column":67}},"29":{"start":{"line":85,"column":4},"end":{"line":85,"column":19}},"30":{"start":{"line":89,"column":4},"end":{"line":89,"column":27}},"31":{"start":{"line":91,"column":4},"end":{"line":94,"column":5}},"32":{"start":{"line":92,"column":23},"end":{"line":92,"column":95}},"33":{"start":{"line":93,"column":6},"end":{"line":93,"column":73}},"34":{"start":{"line":93,"column":21},"end":{"line":93,"column":73}},"35":{"start":{"line":96,"column":22},"end":{"line":96,"column":32}},"36":{"start":{"line":97,"column":4},"end":{"line":97,"column":61}},"37":{"start":{"line":97,"column":14},"end":{"line":97,"column":61}},"38":{"start":{"line":98,"column":4},"end":{"line":98,"column":42}},"39":{"start":{"line":98,"column":16},"end":{"line":98,"column":42}},"40":{"start":{"line":100,"column":4},"end":{"line":104,"column":7}},"41":{"start":{"line":108,"column":4},"end":{"line":108,"column":27}},"42":{"start":{"line":109,"column":4},"end":{"line":109,"column":56}},"43":{"start":{"line":110,"column":4},"end":{"line":110,"column":42}},"44":{"start":{"line":8,"column":13},"end":{"line":8,"column":28}},"45":{"start":{"line":8,"column":13},"end":{"line":112,"column":null}}},"fnMap":{"0":{"name":"(anonymous_2)","decl":{"start":{"line":9,"column":2},"end":{"line":9,"column":22}},"loc":{"start":{"line":9,"column":43},"end":{"line":9,"column":47}}},"1":{"name":"(anonymous_3)","decl":{"start":{"line":11,"column":10},"end":{"line":11,"column":22}},"loc":{"start":{"line":11,"column":22},"end":{"line":17,"column":3}}},"2":{"name":"(anonymous_4)","decl":{"start":{"line":19,"column":10},"end":{"line":19,"column":15}},"loc":{"start":{"line":19,"column":32},"end":{"line":30,"column":3}}},"3":{"name":"(anonymous_5)","decl":{"start":{"line":22,"column":47},"end":{"line":22,"column":50}},"loc":{"start":{"line":23,"column":8},"end":{"line":23,"column":55}}},"4":{"name":"(anonymous_6)","decl":{"start":{"line":32,"column":2},"end":{"line":32,"column":7}},"loc":{"start":{"line":32,"column":81},"end":{"line":43,"column":3}}},"5":{"name":"(anonymous_7)","decl":{"start":{"line":45,"column":2},"end":{"line":45,"column":7}},"loc":{"start":{"line":45,"column":38},"end":{"line":77,"column":3}}},"6":{"name":"(anonymous_8)","decl":{"start":{"line":79,"column":2},"end":{"line":79,"column":7}},"loc":{"start":{"line":79,"column":26},"end":{"line":86,"column":3}}},"7":{"name":"(anonymous_9)","decl":{"start":{"line":88,"column":2},"end":{"line":88,"column":7}},"loc":{"start":{"line":88,"column":93},"end":{"line":105,"column":3}}},"8":{"name":"(anonymous_10)","decl":{"start":{"line":107,"column":2},"end":{"line":107,"column":7}},"loc":{"start":{"line":107,"column":25},"end":{"line":111,"column":3}}}},"branchMap":{"0":{"loc":{"start":{"line":27,"column":6},"end":{"line":27,"column":31}},"type":"if","locations":[{"start":{"line":27,"column":6},"end":{"line":27,"column":31}}]},"1":{"loc":{"start":{"line":34,"column":4},"end":{"line":34,"column":71}},"type":"if","locations":[{"start":{"line":34,"column":4},"end":{"line":34,"column":71}}]},"2":{"loc":{"start":{"line":37,"column":18},"end":{"line":37,"column":63}},"type":"cond-expr","locations":[{"start":{"line":37,"column":25},"end":{"line":37,"column":58}},{"start":{"line":37,"column":61},"end":{"line":37,"column":63}}]},"3":{"loc":{"start":{"line":50,"column":10},"end":{"line":50,"column":38}},"type":"binary-expr","locations":[{"start":{"line":50,"column":10},"end":{"line":50,"column":20}},{"start":{"line":50,"column":24},"end":{"line":50,"column":38}}]},"4":{"loc":{"start":{"line":51,"column":10},"end":{"line":56,"column":8}},"type":"binary-expr","locations":[{"start":{"line":51,"column":10},"end":{"line":51,"column":16}},{"start":{"line":51,"column":20},"end":{"line":56,"column":8}}]},"5":{"loc":{"start":{"line":84,"column":4},"end":{"line":84,"column":67}},"type":"if","locations":[{"start":{"line":84,"column":4},"end":{"line":84,"column":67}}]},"6":{"loc":{"start":{"line":91,"column":4},"end":{"line":94,"column":5}},"type":"if","locations":[{"start":{"line":91,"column":4},"end":{"line":94,"column":5}}]},"7":{"loc":{"start":{"line":93,"column":6},"end":{"line":93,"column":73}},"type":"if","locations":[{"start":{"line":93,"column":6},"end":{"line":93,"column":73}}]},"8":{"loc":{"start":{"line":97,"column":4},"end":{"line":97,"column":61}},"type":"if","locations":[{"start":{"line":97,"column":4},"end":{"line":97,"column":61}}]},"9":{"loc":{"start":{"line":98,"column":4},"end":{"line":98,"column":42}},"type":"if","locations":[{"start":{"line":98,"column":4},"end":{"line":98,"column":42}}]}},"s":{"0":1,"1":1,"2":1,"3":19,"4":20,"5":4,"6":4,"7":4,"8":5,"9":30,"10":5,"11":5,"12":5,"13":4,"14":0,"15":5,"16":5,"17":1,"18":4,"19":4,"20":4,"21":6,"22":6,"23":6,"24":6,"25":6,"26":8,"27":8,"28":3,"29":5,"30":4,"31":3,"32":1,"33":1,"34":1,"35":2,"36":2,"37":1,"38":2,"39":2,"40":2,"41":2,"42":1,"43":1,"44":1,"45":1},"f":{"0":19,"1":20,"2":4,"3":30,"4":5,"5":6,"6":8,"7":4,"8":2},"b":{"0":[4],"1":[1],"2":[1,3],"3":[6,1],"4":[6,1],"5":[3],"6":[1],"7":[1],"8":[1],"9":[2]}}
,"D:\\Assignment-28-06-2026\\product-management\\backend\\src\\modules\\products\\dto\\create-product.dto.ts": {"path":"D:\\Assignment-28-06-2026\\product-management\\backend\\src\\modules\\products\\dto\\create-product.dto.ts","statementMap":{"0":{"start":{"line":1,"column":0},"end":{"line":1,"column":41}},"1":{"start":{"line":2,"column":0},"end":{"line":2,"column":78}},"2":{"start":{"line":4,"column":0},"end":{"line":4,"column":13}},"3":{"start":{"line":7,"column":2},"end":{"line":7,"column":null}},"4":{"start":{"line":12,"column":2},"end":{"line":12,"column":null}},"5":{"start":{"line":9,"column":14},"end":{"line":9,"column":20}},"6":{"start":{"line":15,"column":2},"end":{"line":15,"column":null}}},"fnMap":{"0":{"name":"(anonymous_2)","decl":{"start":{"line":9,"column":8},"end":{"line":9,"column":11}},"loc":{"start":{"line":9,"column":14},"end":{"line":9,"column":20}}}},"branchMap":{},"s":{"0":0,"1":0,"2":0,"3":0,"4":0,"5":0,"6":0},"f":{"0":0},"b":{}}
,"D:\\Assignment-28-06-2026\\product-management\\backend\\src\\modules\\products\\dto\\product-query.dto.ts": {"path":"D:\\Assignment-28-06-2026\\product-management\\backend\\src\\modules\\products\\dto\\product-query.dto.ts","statementMap":{"0":{"start":{"line":1,"column":0},"end":{"line":1,"column":41}},"1":{"start":{"line":2,"column":0},"end":{"line":2,"column":86}},"2":{"start":{"line":9,"column":2},"end":{"line":9,"column":19}},"3":{"start":{"line":16,"column":2},"end":{"line":16,"column":21}},"4":{"start":{"line":21,"column":2},"end":{"line":21,"column":31}},"5":{"start":{"line":26,"column":2},"end":{"line":26,"column":37}},"6":{"start":{"line":4,"column":0},"end":{"line":4,"column":13}},"7":{"start":{"line":9,"column":2},"end":{"line":9,"column":null}},"8":{"start":{"line":6,"column":14},"end":{"line":6,"column":20}},"9":{"start":{"line":16,"column":2},"end":{"line":16,"column":null}},"10":{"start":{"line":12,"column":14},"end":{"line":12,"column":20}},"11":{"start":{"line":21,"column":2},"end":{"line":21,"column":null}},"12":{"start":{"line":26,"column":2},"end":{"line":26,"column":null}},"13":{"start":{"line":30,"column":2},"end":{"line":30,"column":null}},"14":{"start":{"line":34,"column":2},"end":{"line":34,"column":null}}},"fnMap":{"0":{"name":"(anonymous_2)","decl":{"start":{"line":4,"column":0},"end":{"line":4,"column":13}},"loc":{"start":{"line":4,"column":0},"end":{"line":35,"column":1}}},"1":{"name":"(anonymous_3)","decl":{"start":{"line":6,"column":8},"end":{"line":6,"column":11}},"loc":{"start":{"line":6,"column":14},"end":{"line":6,"column":20}}},"2":{"name":"(anonymous_4)","decl":{"start":{"line":12,"column":8},"end":{"line":12,"column":11}},"loc":{"start":{"line":12,"column":14},"end":{"line":12,"column":20}}}},"branchMap":{},"s":{"0":0,"1":0,"2":0,"3":0,"4":0,"5":0,"6":0,"7":0,"8":0,"9":0,"10":0,"11":0,"12":0,"13":0,"14":0},"f":{"0":0,"1":0,"2":0},"b":{}}
,"D:\\Assignment-28-06-2026\\product-management\\backend\\src\\modules\\products\\dto\\update-product.dto.ts": {"path":"D:\\Assignment-28-06-2026\\product-management\\backend\\src\\modules\\products\\dto\\update-product.dto.ts","statementMap":{"0":{"start":{"line":1,"column":0},"end":{"line":1,"column":51}},"1":{"start":{"line":2,"column":0},"end":{"line":2,"column":56}},"2":{"start":{"line":4,"column":0},"end":{"line":4,"column":13}}},"fnMap":{},"branchMap":{},"s":{"0":0,"1":0,"2":0},"f":{},"b":{}}
,"D:\\Assignment-28-06-2026\\product-management\\backend\\src\\modules\\reports\\reports.controller.ts": {"path":"D:\\Assignment-28-06-2026\\product-management\\backend\\src\\modules\\reports\\reports.controller.ts","statementMap":{"0":{"start":{"line":1,"column":0},"end":{"line":1,"column":73}},"1":{"start":{"line":3,"column":0},"end":{"line":3,"column":58}},"2":{"start":{"line":4,"column":0},"end":{"line":4,"column":51}},"3":{"start":{"line":7,"column":7},"end":{"line":25,"column":null}},"4":{"start":{"line":8,"column":22},"end":{"line":8,"column":38}},"5":{"start":{"line":12,"column":4},"end":{"line":12,"column":50}},"6":{"start":{"line":17,"column":4},"end":{"line":17,"column":48}},"7":{"start":{"line":22,"column":21},"end":{"line":22,"column":65}},"8":{"start":{"line":23,"column":4},"end":{"line":23,"column":27}},"9":{"start":{"line":7,"column":13},"end":{"line":7,"column":30}},"10":{"start":{"line":11,"column":2},"end":{"line":13,"column":null}},"11":{"start":{"line":16,"column":2},"end":{"line":18,"column":null}},"12":{"start":{"line":21,"column":8},"end":{"line":24,"column":null}},"13":{"start":{"line":7,"column":13},"end":{"line":25,"column":null}}},"fnMap":{"0":{"name":"(anonymous_4)","decl":{"start":{"line":8,"column":2},"end":{"line":8,"column":22}},"loc":{"start":{"line":8,"column":52},"end":{"line":8,"column":56}}},"1":{"name":"(anonymous_5)","decl":{"start":{"line":11,"column":2},"end":{"line":11,"column":15}},"loc":{"start":{"line":11,"column":44},"end":{"line":13,"column":3}}},"2":{"name":"(anonymous_6)","decl":{"start":{"line":16,"column":2},"end":{"line":16,"column":11}},"loc":{"start":{"line":16,"column":41},"end":{"line":18,"column":3}}},"3":{"name":"(anonymous_7)","decl":{"start":{"line":21,"column":2},"end":{"line":21,"column":7}},"loc":{"start":{"line":21,"column":68},"end":{"line":24,"column":3}}}},"branchMap":{},"s":{"0":0,"1":0,"2":0,"3":0,"4":0,"5":0,"6":0,"7":0,"8":0,"9":0,"10":0,"11":0,"12":0,"13":0},"f":{"0":0,"1":0,"2":0,"3":0},"b":{}}
,"D:\\Assignment-28-06-2026\\product-management\\backend\\src\\modules\\reports\\reports.processor.ts": {"path":"D:\\Assignment-28-06-2026\\product-management\\backend\\src\\modules\\reports\\reports.processor.ts","statementMap":{"0":{"start":{"line":1,"column":0},"end":{"line":1,"column":55}},"1":{"start":{"line":2,"column":0},"end":{"line":2,"column":40}},"2":{"start":{"line":4,"column":0},"end":{"line":4,"column":35}},"3":{"start":{"line":5,"column":0},"end":{"line":5,"column":39}},"4":{"start":{"line":6,"column":0},"end":{"line":6,"column":28}},"5":{"start":{"line":7,"column":0},"end":{"line":7,"column":47}},"6":{"start":{"line":8,"column":0},"end":{"line":8,"column":60}},"7":{"start":{"line":10,"column":18},"end":{"line":10,"column":22}},"8":{"start":{"line":13,"column":29},"end":{"line":132,"column":null}},"9":{"start":{"line":17,"column":4},"end":{"line":17,"column":12}},"10":{"start":{"line":16,"column":22},"end":{"line":16,"column":30}},"11":{"start":{"line":14,"column":19},"end":{"line":14,"column":62}},"12":{"start":{"line":21,"column":39},"end":{"line":21,"column":47}},"13":{"start":{"line":22,"column":4},"end":{"line":22,"column":68}},"14":{"start":{"line":24,"column":4},"end":{"line":24,"column":97}},"15":{"start":{"line":26,"column":4},"end":{"line":44,"column":5}},"16":{"start":{"line":28,"column":8},"end":{"line":30,"column":50}},"17":{"start":{"line":32,"column":6},"end":{"line":35,"column":9}},"18":{"start":{"line":37,"column":6},"end":{"line":37,"column":63}},"19":{"start":{"line":39,"column":6},"end":{"line":39,"column":66}},"20":{"start":{"line":40,"column":6},"end":{"line":43,"column":9}},"21":{"start":{"line":48,"column":4},"end":{"line":48,"column":28}},"22":{"start":{"line":48,"column":18},"end":{"line":48,"column":28}},"23":{"start":{"line":49,"column":4},"end":{"line":57,"column":6}},"24":{"start":{"line":61,"column":18},"end":{"line":61,"column":42}},"25":{"start":{"line":63,"column":4},"end":{"line":76,"column":5}},"26":{"start":{"line":64,"column":19},"end":{"line":71,"column":8}},"27":{"start":{"line":72,"column":6},"end":{"line":72,"column":35}},"28":{"start":{"line":72,"column":29},"end":{"line":72,"column":35}},"29":{"start":{"line":73,"column":6},"end":{"line":73,"column":18}},"30":{"start":{"line":74,"column":6},"end":{"line":74,"column":40}},"31":{"start":{"line":75,"column":6},"end":{"line":75,"column":41}},"32":{"start":{"line":75,"column":35},"end":{"line":75,"column":41}},"33":{"start":{"line":80,"column":23},"end":{"line":80,"column":79}},"34":{"start":{"line":81,"column":4},"end":{"line":100,"column":7}},"35":{"start":{"line":82,"column":17},"end":{"line":82,"column":46}},"36":{"start":{"line":83,"column":24},"end":{"line":83,"column":52}},"37":{"start":{"line":84,"column":6},"end":{"line":84,"column":25}},"38":{"start":{"line":86,"column":6},"end":{"line":95,"column":7}},"39":{"start":{"line":87,"column":8},"end":{"line":94,"column":11}},"40":{"start":{"line":97,"column":6},"end":{"line":97,"column":22}},"41":{"start":{"line":98,"column":6},"end":{"line":98,"column":49}},"42":{"start":{"line":98,"column":28},"end":{"line":98,"column":47}},"43":{"start":{"line":99,"column":6},"end":{"line":99,"column":29}},"44":{"start":{"line":104,"column":23},"end":{"line":104,"column":80}},"45":{"start":{"line":105,"column":21},"end":{"line":105,"column":85}},"46":{"start":{"line":106,"column":18},"end":{"line":106,"column":51}},"47":{"start":{"line":108,"column":4},"end":{"line":115,"column":6}},"48":{"start":{"line":117,"column":4},"end":{"line":126,"column":5}},"49":{"start":{"line":118,"column":6},"end":{"line":125,"column":18}},"50":{"start":{"line":128,"column":4},"end":{"line":128,"column":25}},"51":{"start":{"line":129,"column":4},"end":{"line":129,"column":28}},"52":{"start":{"line":130,"column":4},"end":{"line":130,"column":22}},"53":{"start":{"line":13,"column":13},"end":{"line":13,"column":29}},"54":{"start":{"line":13,"column":13},"end":{"line":132,"column":null}}},"fnMap":{"0":{"name":"(anonymous_2)","decl":{"start":{"line":16,"column":2},"end":{"line":16,"column":22}},"loc":{"start":{"line":16,"column":43},"end":{"line":18,"column":3}}},"1":{"name":"(anonymous_3)","decl":{"start":{"line":20,"column":2},"end":{"line":20,"column":7}},"loc":{"start":{"line":20,"column":73},"end":{"line":45,"column":3}}},"2":{"name":"(anonymous_4)","decl":{"start":{"line":47,"column":10},"end":{"line":47,"column":20}},"loc":{"start":{"line":47,"column":33},"end":{"line":58,"column":3}}},"3":{"name":"(anonymous_5)","decl":{"start":{"line":60,"column":10},"end":{"line":60,"column":15}},"loc":{"start":{"line":60,"column":44},"end":{"line":77,"column":3}}},"4":{"name":"(anonymous_6)","decl":{"start":{"line":79,"column":10},"end":{"line":79,"column":15}},"loc":{"start":{"line":79,"column":55},"end":{"line":101,"column":3}}},"5":{"name":"(anonymous_7)","decl":{"start":{"line":81,"column":23},"end":{"line":81,"column":28}},"loc":{"start":{"line":81,"column":49},"end":{"line":100,"column":5}}},"6":{"name":"(anonymous_8)","decl":{"start":{"line":98,"column":22},"end":{"line":98,"column":25}},"loc":{"start":{"line":98,"column":28},"end":{"line":98,"column":47}}},"7":{"name":"(anonymous_9)","decl":{"start":{"line":103,"column":10},"end":{"line":103,"column":15}},"loc":{"start":{"line":103,"column":56},"end":{"line":131,"column":3}}}},"branchMap":{"0":{"loc":{"start":{"line":28,"column":8},"end":{"line":30,"column":50}},"type":"cond-expr","locations":[{"start":{"line":29,"column":12},"end":{"line":29,"column":51}},{"start":{"line":30,"column":12},"end":{"line":30,"column":50}}]},"1":{"loc":{"start":{"line":48,"column":4},"end":{"line":48,"column":28}},"type":"if","locations":[{"start":{"line":48,"column":4},"end":{"line":48,"column":28}}]},"2":{"loc":{"start":{"line":50,"column":10},"end":{"line":50,"column":66}},"type":"binary-expr","locations":[{"start":{"line":50,"column":10},"end":{"line":50,"column":28}},{"start":{"line":50,"column":32},"end":{"line":50,"column":66}}]},"3":{"loc":{"start":{"line":51,"column":10},"end":{"line":56,"column":8}},"type":"binary-expr","locations":[{"start":{"line":51,"column":10},"end":{"line":51,"column":24}},{"start":{"line":51,"column":28},"end":{"line":56,"column":8}}]},"4":{"loc":{"start":{"line":68,"column":14},"end":{"line":68,"column":28}},"type":"cond-expr","locations":[{"start":{"line":68,"column":23},"end":{"line":68,"column":24}},{"start":{"line":68,"column":27},"end":{"line":68,"column":28}}]},"5":{"loc":{"start":{"line":69,"column":12},"end":{"line":69,"column":48}},"type":"binary-expr","locations":[{"start":{"line":69,"column":12},"end":{"line":69,"column":18}},{"start":{"line":69,"column":22},"end":{"line":69,"column":48}}]},"6":{"loc":{"start":{"line":72,"column":6},"end":{"line":72,"column":35}},"type":"if","locations":[{"start":{"line":72,"column":6},"end":{"line":72,"column":35}}]},"7":{"loc":{"start":{"line":75,"column":6},"end":{"line":75,"column":41}},"type":"if","locations":[{"start":{"line":75,"column":6},"end":{"line":75,"column":41}}]}},"s":{"0":0,"1":0,"2":0,"3":0,"4":0,"5":0,"6":0,"7":0,"8":0,"9":0,"10":0,"11":0,"12":0,"13":0,"14":0,"15":0,"16":0,"17":0,"18":0,"19":0,"20":0,"21":0,"22":0,"23":0,"24":0,"25":0,"26":0,"27":0,"28":0,"29":0,"30":0,"31":0,"32":0,"33":0,"34":0,"35":0,"36":0,"37":0,"38":0,"39":0,"40":0,"41":0,"42":0,"43":0,"44":0,"45":0,"46":0,"47":0,"48":0,"49":0,"50":0,"51":0,"52":0,"53":0,"54":0},"f":{"0":0,"1":0,"2":0,"3":0,"4":0,"5":0,"6":0,"7":0},"b":{"0":[0,0],"1":[0],"2":[0,0],"3":[0,0],"4":[0,0],"5":[0,0],"6":[0],"7":[0]}}
,"D:\\Assignment-28-06-2026\\product-management\\backend\\src\\modules\\reports\\reports.service.ts": {"path":"D:\\Assignment-28-06-2026\\product-management\\backend\\src\\modules\\reports\\reports.service.ts","statementMap":{"0":{"start":{"line":1,"column":0},"end":{"line":1,"column":63}},"1":{"start":{"line":2,"column":0},"end":{"line":2,"column":45}},"2":{"start":{"line":3,"column":0},"end":{"line":3,"column":31}},"3":{"start":{"line":4,"column":0},"end":{"line":4,"column":60}},"4":{"start":{"line":8,"column":7},"end":{"line":43,"column":null}},"5":{"start":{"line":10,"column":12},"end":{"line":10,"column":20}},"6":{"start":{"line":11,"column":36},"end":{"line":11,"column":43}},"7":{"start":{"line":15,"column":16},"end":{"line":21,"column":6}},"8":{"start":{"line":22,"column":4},"end":{"line":26,"column":7}},"9":{"start":{"line":27,"column":4},"end":{"line":27,"column":49}},"10":{"start":{"line":31,"column":16},"end":{"line":31,"column":80}},"11":{"start":{"line":32,"column":4},"end":{"line":32,"column":66}},"12":{"start":{"line":32,"column":14},"end":{"line":32,"column":66}},"13":{"start":{"line":33,"column":4},"end":{"line":33,"column":15}},"14":{"start":{"line":37,"column":16},"end":{"line":37,"column":43}},"15":{"start":{"line":38,"column":4},"end":{"line":40,"column":5}},"16":{"start":{"line":39,"column":6},"end":{"line":39,"column":58}},"17":{"start":{"line":41,"column":4},"end":{"line":41,"column":24}},"18":{"start":{"line":8,"column":13},"end":{"line":8,"column":27}},"19":{"start":{"line":8,"column":13},"end":{"line":43,"column":null}}},"fnMap":{"0":{"name":"(anonymous_4)","decl":{"start":{"line":9,"column":2},"end":{"line":9,"column":null}},"loc":{"start":{"line":11,"column":48},"end":{"line":12,"column":6}}},"1":{"name":"(anonymous_5)","decl":{"start":{"line":14,"column":2},"end":{"line":14,"column":7}},"loc":{"start":{"line":14,"column":42},"end":{"line":28,"column":3}}},"2":{"name":"(anonymous_6)","decl":{"start":{"line":30,"column":2},"end":{"line":30,"column":7}},"loc":{"start":{"line":30,"column":31},"end":{"line":34,"column":3}}},"3":{"name":"(anonymous_7)","decl":{"start":{"line":36,"column":2},"end":{"line":36,"column":7}},"loc":{"start":{"line":36,"column":33},"end":{"line":42,"column":3}}}},"branchMap":{"0":{"loc":{"start":{"line":32,"column":4},"end":{"line":32,"column":66}},"type":"if","locations":[{"start":{"line":32,"column":4},"end":{"line":32,"column":66}}]},"1":{"loc":{"start":{"line":38,"column":4},"end":{"line":40,"column":5}},"type":"if","locations":[{"start":{"line":38,"column":4},"end":{"line":40,"column":5}}]},"2":{"loc":{"start":{"line":38,"column":8},"end":{"line":38,"column":51}},"type":"binary-expr","locations":[{"start":{"line":38,"column":8},"end":{"line":38,"column":34}},{"start":{"line":38,"column":38},"end":{"line":38,"column":51}}]}},"s":{"0":0,"1":0,"2":0,"3":0,"4":0,"5":0,"6":0,"7":0,"8":0,"9":0,"10":0,"11":0,"12":0,"13":0,"14":0,"15":0,"16":0,"17":0,"18":0,"19":0},"f":{"0":0,"1":0,"2":0,"3":0},"b":{"0":[0],"1":[0],"2":[0,0]}}
,"D:\\Assignment-28-06-2026\\product-management\\backend\\src\\modules\\reports\\dto\\create-report.dto.ts": {"path":"D:\\Assignment-28-06-2026\\product-management\\backend\\src\\modules\\reports\\dto\\create-report.dto.ts","statementMap":{"0":{"start":{"line":1,"column":0},"end":{"line":1,"column":69}},"1":{"start":{"line":3,"column":0},"end":{"line":3,"column":13}},"2":{"start":{"line":5,"column":2},"end":{"line":5,"column":null}},"3":{"start":{"line":9,"column":2},"end":{"line":9,"column":null}},"4":{"start":{"line":13,"column":2},"end":{"line":13,"column":null}}},"fnMap":{},"branchMap":{},"s":{"0":0,"1":0,"2":0,"3":0,"4":0},"f":{},"b":{}}
,"D:\\Assignment-28-06-2026\\product-management\\backend\\src\\modules\\users\\users.controller.ts": {"path":"D:\\Assignment-28-06-2026\\product-management\\backend\\src\\modules\\users\\users.controller.ts","statementMap":{"0":{"start":{"line":1,"column":0},"end":{"line":1,"column":81}},"1":{"start":{"line":2,"column":0},"end":{"line":2,"column":54}},"2":{"start":{"line":3,"column":0},"end":{"line":3,"column":54}},"3":{"start":{"line":4,"column":0},"end":{"line":4,"column":47}},"4":{"start":{"line":7,"column":7},"end":{"line":34,"column":null}},"5":{"start":{"line":8,"column":22},"end":{"line":8,"column":36}},"6":{"start":{"line":12,"column":4},"end":{"line":12,"column":41}},"7":{"start":{"line":17,"column":4},"end":{"line":17,"column":39}},"8":{"start":{"line":22,"column":4},"end":{"line":22,"column":41}},"9":{"start":{"line":27,"column":4},"end":{"line":27,"column":45}},"10":{"start":{"line":32,"column":4},"end":{"line":32,"column":40}},"11":{"start":{"line":7,"column":13},"end":{"line":7,"column":28}},"12":{"start":{"line":11,"column":2},"end":{"line":13,"column":null}},"13":{"start":{"line":16,"column":2},"end":{"line":18,"column":null}},"14":{"start":{"line":21,"column":2},"end":{"line":23,"column":null}},"15":{"start":{"line":26,"column":2},"end":{"line":28,"column":null}},"16":{"start":{"line":31,"column":2},"end":{"line":33,"column":null}},"17":{"start":{"line":7,"column":13},"end":{"line":34,"column":null}}},"fnMap":{"0":{"name":"(anonymous_4)","decl":{"start":{"line":8,"column":2},"end":{"line":8,"column":22}},"loc":{"start":{"line":8,"column":48},"end":{"line":8,"column":52}}},"1":{"name":"(anonymous_5)","decl":{"start":{"line":11,"column":2},"end":{"line":11,"column":8}},"loc":{"start":{"line":11,"column":35},"end":{"line":13,"column":3}}},"2":{"name":"(anonymous_6)","decl":{"start":{"line":16,"column":2},"end":{"line":16,"column":9}},"loc":{"start":{"line":16,"column":9},"end":{"line":18,"column":3}}},"3":{"name":"(anonymous_7)","decl":{"start":{"line":21,"column":2},"end":{"line":21,"column":9}},"loc":{"start":{"line":21,"column":33},"end":{"line":23,"column":3}}},"4":{"name":"(anonymous_8)","decl":{"start":{"line":26,"column":2},"end":{"line":26,"column":8}},"loc":{"start":{"line":26,"column":60},"end":{"line":28,"column":3}}},"5":{"name":"(anonymous_9)","decl":{"start":{"line":31,"column":2},"end":{"line":31,"column":8}},"loc":{"start":{"line":31,"column":32},"end":{"line":33,"column":3}}}},"branchMap":{},"s":{"0":0,"1":0,"2":0,"3":0,"4":0,"5":0,"6":0,"7":0,"8":0,"9":0,"10":0,"11":0,"12":0,"13":0,"14":0,"15":0,"16":0,"17":0},"f":{"0":0,"1":0,"2":0,"3":0,"4":0,"5":0},"b":{}}
,"D:\\Assignment-28-06-2026\\product-management\\backend\\src\\modules\\users\\users.service.ts": {"path":"D:\\Assignment-28-06-2026\\product-management\\backend\\src\\modules\\users\\users.service.ts","statementMap":{"0":{"start":{"line":1,"column":0},"end":{"line":1,"column":84}},"1":{"start":{"line":2,"column":0},"end":{"line":2,"column":33}},"2":{"start":{"line":3,"column":0},"end":{"line":3,"column":60}},"3":{"start":{"line":8,"column":7},"end":{"line":52,"column":null}},"4":{"start":{"line":9,"column":22},"end":{"line":9,"column":30}},"5":{"start":{"line":12,"column":19},"end":{"line":12,"column":85}},"6":{"start":{"line":13,"column":4},"end":{"line":13,"column":70}},"7":{"start":{"line":13,"column":16},"end":{"line":13,"column":70}},"8":{"start":{"line":14,"column":17},"end":{"line":14,"column":52}},"9":{"start":{"line":15,"column":17},"end":{"line":15,"column":94}},"10":{"start":{"line":16,"column":39},"end":{"line":16,"column":43}},"11":{"start":{"line":17,"column":4},"end":{"line":17,"column":18}},"12":{"start":{"line":21,"column":18},"end":{"line":21,"column":85}},"13":{"start":{"line":22,"column":4},"end":{"line":22,"column":51}},"14":{"start":{"line":22,"column":48},"end":{"line":22,"column":49}},"15":{"start":{"line":26,"column":17},"end":{"line":26,"column":69}},"16":{"start":{"line":27,"column":4},"end":{"line":27,"column":61}},"17":{"start":{"line":27,"column":15},"end":{"line":27,"column":61}},"18":{"start":{"line":28,"column":39},"end":{"line":28,"column":43}},"19":{"start":{"line":29,"column":4},"end":{"line":29,"column":18}},"20":{"start":{"line":33,"column":4},"end":{"line":33,"column":27}},"21":{"start":{"line":34,"column":22},"end":{"line":34,"column":32}},"22":{"start":{"line":35,"column":4},"end":{"line":37,"column":5}},"23":{"start":{"line":36,"column":6},"end":{"line":36,"column":58}},"24":{"start":{"line":38,"column":4},"end":{"line":41,"column":5}},"25":{"start":{"line":39,"column":23},"end":{"line":39,"column":101}},"26":{"start":{"line":40,"column":6},"end":{"line":40,"column":74}},"27":{"start":{"line":40,"column":20},"end":{"line":40,"column":74}},"28":{"start":{"line":42,"column":17},"end":{"line":42,"column":71}},"29":{"start":{"line":43,"column":39},"end":{"line":43,"column":43}},"30":{"start":{"line":44,"column":4},"end":{"line":44,"column":18}},"31":{"start":{"line":48,"column":4},"end":{"line":48,"column":27}},"32":{"start":{"line":49,"column":4},"end":{"line":49,"column":53}},"33":{"start":{"line":50,"column":4},"end":{"line":50,"column":39}},"34":{"start":{"line":8,"column":13},"end":{"line":8,"column":25}},"35":{"start":{"line":8,"column":13},"end":{"line":52,"column":null}}},"fnMap":{"0":{"name":"(anonymous_2)","decl":{"start":{"line":9,"column":2},"end":{"line":9,"column":22}},"loc":{"start":{"line":9,"column":43},"end":{"line":9,"column":47}}},"1":{"name":"(anonymous_3)","decl":{"start":{"line":11,"column":2},"end":{"line":11,"column":7}},"loc":{"start":{"line":11,"column":33},"end":{"line":18,"column":3}}},"2":{"name":"(anonymous_4)","decl":{"start":{"line":20,"column":2},"end":{"line":20,"column":7}},"loc":{"start":{"line":20,"column":15},"end":{"line":23,"column":3}}},"3":{"name":"(anonymous_5)","decl":{"start":{"line":22,"column":21},"end":{"line":22,"column":22}},"loc":{"start":{"line":22,"column":48},"end":{"line":22,"column":49}}},"4":{"name":"(anonymous_6)","decl":{"start":{"line":25,"column":2},"end":{"line":25,"column":7}},"loc":{"start":{"line":25,"column":26},"end":{"line":30,"column":3}}},"5":{"name":"(anonymous_7)","decl":{"start":{"line":32,"column":2},"end":{"line":32,"column":7}},"loc":{"start":{"line":32,"column":45},"end":{"line":45,"column":3}}},"6":{"name":"(anonymous_8)","decl":{"start":{"line":47,"column":2},"end":{"line":47,"column":7}},"loc":{"start":{"line":47,"column":25},"end":{"line":51,"column":3}}}},"branchMap":{"0":{"loc":{"start":{"line":13,"column":4},"end":{"line":13,"column":70}},"type":"if","locations":[{"start":{"line":13,"column":4},"end":{"line":13,"column":70}}]},"1":{"loc":{"start":{"line":27,"column":4},"end":{"line":27,"column":61}},"type":"if","locations":[{"start":{"line":27,"column":4},"end":{"line":27,"column":61}}]},"2":{"loc":{"start":{"line":35,"column":4},"end":{"line":37,"column":5}},"type":"if","locations":[{"start":{"line":35,"column":4},"end":{"line":37,"column":5}}]},"3":{"loc":{"start":{"line":38,"column":4},"end":{"line":41,"column":5}},"type":"if","locations":[{"start":{"line":38,"column":4},"end":{"line":41,"column":5}}]},"4":{"loc":{"start":{"line":40,"column":6},"end":{"line":40,"column":74}},"type":"if","locations":[{"start":{"line":40,"column":6},"end":{"line":40,"column":74}}]}},"s":{"0":1,"1":1,"2":1,"3":1,"4":13,"5":3,"6":3,"7":1,"8":2,"9":2,"10":2,"11":2,"12":2,"13":2,"14":2,"15":8,"16":8,"17":3,"18":5,"19":5,"20":4,"21":3,"22":3,"23":1,"24":3,"25":2,"26":2,"27":1,"28":2,"29":2,"30":2,"31":2,"32":1,"33":1,"34":1,"35":1},"f":{"0":13,"1":3,"2":2,"3":2,"4":8,"5":4,"6":2},"b":{"0":[1],"1":[3],"2":[1],"3":[2],"4":[1]}}
,"D:\\Assignment-28-06-2026\\product-management\\backend\\src\\modules\\users\\dto\\create-user.dto.ts": {"path":"D:\\Assignment-28-06-2026\\product-management\\backend\\src\\modules\\users\\dto\\create-user.dto.ts","statementMap":{"0":{"start":{"line":1,"column":0},"end":{"line":1,"column":75}},"1":{"start":{"line":3,"column":0},"end":{"line":3,"column":13}},"2":{"start":{"line":5,"column":2},"end":{"line":5,"column":null}},"3":{"start":{"line":10,"column":2},"end":{"line":10,"column":null}}},"fnMap":{},"branchMap":{},"s":{"0":0,"1":0,"2":0,"3":0},"f":{},"b":{}}
,"D:\\Assignment-28-06-2026\\product-management\\backend\\src\\modules\\users\\dto\\update-user.dto.ts": {"path":"D:\\Assignment-28-06-2026\\product-management\\backend\\src\\modules\\users\\dto\\update-user.dto.ts","statementMap":{"0":{"start":{"line":1,"column":0},"end":{"line":1,"column":51}},"1":{"start":{"line":2,"column":0},"end":{"line":2,"column":50}},"2":{"start":{"line":4,"column":0},"end":{"line":4,"column":13}}},"fnMap":{},"branchMap":{},"s":{"0":0,"1":0,"2":0},"f":{},"b":{}}
,"D:\\Assignment-28-06-2026\\product-management\\backend\\src\\prisma\\prisma.service.ts": {"path":"D:\\Assignment-28-06-2026\\product-management\\backend\\src\\prisma\\prisma.service.ts","statementMap":{"0":{"start":{"line":1,"column":0},"end":{"line":1,"column":75}},"1":{"start":{"line":2,"column":0},"end":{"line":2,"column":46}},"2":{"start":{"line":5,"column":7},"end":{"line":13,"column":null}},"3":{"start":{"line":7,"column":4},"end":{"line":7,"column":26}},"4":{"start":{"line":11,"column":4},"end":{"line":11,"column":29}},"5":{"start":{"line":5,"column":13},"end":{"line":5,"column":26}},"6":{"start":{"line":5,"column":13},"end":{"line":13,"column":null}}},"fnMap":{"0":{"name":"(anonymous_1)","decl":{"start":{"line":6,"column":2},"end":{"line":6,"column":7}},"loc":{"start":{"line":6,"column":20},"end":{"line":8,"column":3}}},"1":{"name":"(anonymous_2)","decl":{"start":{"line":10,"column":2},"end":{"line":10,"column":7}},"loc":{"start":{"line":10,"column":23},"end":{"line":12,"column":3}}}},"branchMap":{},"s":{"0":5,"1":5,"2":5,"3":0,"4":0,"5":5,"6":5},"f":{"0":0,"1":0},"b":{}}
}
